Determining if the pthread_create exist failed with the following output:
Change Dir: /home/dumont/catkin_ws/src/auto_assessment/cmake-build-debug/CMakeFiles/CMakeTmp

Run Build Command:"/usr/bin/make" "cmTC_5409c/fast"
/usr/bin/make -f CMakeFiles/cmTC_5409c.dir/build.make CMakeFiles/cmTC_5409c.dir/build
make[1]: entrant dans le répertoire « /home/dumont/catkin_ws/src/auto_assessment/cmake-build-debug/CMakeFiles/CMakeTmp »
Building C object CMakeFiles/cmTC_5409c.dir/CheckSymbolExists.c.o
/usr/bin/cc    -o CMakeFiles/cmTC_5409c.dir/CheckSymbolExists.c.o   -c /home/dumont/catkin_ws/src/auto_assessment/cmake-build-debug/CMakeFiles/CMakeTmp/CheckSymbolExists.c
Linking C executable cmTC_5409c
/home/dumont/workspace/clion-2017.3.3/bin/cmake/bin/cmake -E cmake_link_script CMakeFiles/cmTC_5409c.dir/link.txt --verbose=1
/usr/bin/cc      -rdynamic CMakeFiles/cmTC_5409c.dir/CheckSymbolExists.c.o  -o cmTC_5409c 
CMakeFiles/cmTC_5409c.dir/CheckSymbolExists.c.o : Dans la fonction « main » :
CheckSymbolExists.c:(.text+0x16) : référence indéfinie vers « pthread_create »
collect2: error: ld returned 1 exit status
make[1]: *** [cmTC_5409c] Erreur 1
make[1]: quittant le répertoire « /home/dumont/catkin_ws/src/auto_assessment/cmake-build-debug/CMakeFiles/CMakeTmp »
make: *** [cmTC_5409c/fast] Erreur 2

File /home/dumont/catkin_ws/src/auto_assessment/cmake-build-debug/CMakeFiles/CMakeTmp/CheckSymbolExists.c:
/* */
#include <pthread.h>

int main(int argc, char** argv)
{
  (void)argv;
#ifndef pthread_create
  return ((int*)(&pthread_create))[argc];
#else
  (void)argc;
  return 0;
#endif
}

Determining if the function pthread_create exists in the pthreads failed with the following output:
Change Dir: /home/dumont/catkin_ws/src/auto_assessment/cmake-build-debug/CMakeFiles/CMakeTmp

Run Build Command:"/usr/bin/make" "cmTC_f59e1/fast"
/usr/bin/make -f CMakeFiles/cmTC_f59e1.dir/build.make CMakeFiles/cmTC_f59e1.dir/build
make[1]: entrant dans le répertoire « /home/dumont/catkin_ws/src/auto_assessment/cmake-build-debug/CMakeFiles/CMakeTmp »
Building C object CMakeFiles/cmTC_f59e1.dir/CheckFunctionExists.c.o
/usr/bin/cc   -DCHECK_FUNCTION_EXISTS=pthread_create   -o CMakeFiles/cmTC_f59e1.dir/CheckFunctionExists.c.o   -c /home/dumont/workspace/clion-2017.3.3/bin/cmake/share/cmake-3.9/Modules/CheckFunctionExists.c
Linking C executable cmTC_f59e1
/home/dumont/workspace/clion-2017.3.3/bin/cmake/bin/cmake -E cmake_link_script CMakeFiles/cmTC_f59e1.dir/link.txt --verbose=1
/usr/bin/cc  -DCHECK_FUNCTION_EXISTS=pthread_create    -rdynamic CMakeFiles/cmTC_f59e1.dir/CheckFunctionExists.c.o  -o cmTC_f59e1 -lpthreads 
/usr/bin/ld : ne peut trouver -lpthreads
collect2: error: ld returned 1 exit status
make[1]: *** [cmTC_f59e1] Erreur 1
make[1]: quittant le répertoire « /home/dumont/catkin_ws/src/auto_assessment/cmake-build-debug/CMakeFiles/CMakeTmp »
make: *** [cmTC_f59e1/fast] Erreur 2


